gpstrack/app/build/outputs/logs/manifest-merger-debug-report.txt
-- Merging decision tree log ---
manifest
ADDED from src\main\AndroidManifest.xml:2:1-36:12
	package
		ADDED from src\main\AndroidManifest.xml:3:7-37
		INJECTED from src\main\AndroidManifest.xml
		INJECTED from src\main\AndroidManifest.xml
	android:versionName
		ADDED from src\main\AndroidManifest.xml:5:7-32
		INJECTED from src\main\AndroidManifest.xml
		INJECTED from src\main\AndroidManifest.xml
	android:versionCode
		ADDED from src\main\AndroidManifest.xml:4:7-30
		INJECTED from src\main\AndroidManifest.xml
		INJECTED from src\main\AndroidManifest.xml
	xmlns:android
		ADDED from src\main\AndroidManifest.xml:2:11-69
uses-sdk
ADDED from src\main\AndroidManifest.xml:7:5-74
	android:targetSdkVersion
		ADDED from src\main\AndroidManifest.xml:7:42-71
		INJECTED from src\main\AndroidManifest.xml
		INJECTED from src\main\AndroidManifest.xml
	android:minSdkVersion
		ADDED from src\main\AndroidManifest.xml:7:15-41
		INJECTED from src\main\AndroidManifest.xml
		INJECTED from src\main\AndroidManifest.xml
uses-permission#android.permission.ACCESS_FINE_LOCATION
ADDED from src\main\AndroidManifest.xml:8:2-92
	android:name
		ADDED from src\main\AndroidManifest.xml:8:19-73
uses-permission#android.permission.WRITE_EXTERNAL_STORAGE
ADDED from src\main\AndroidManifest.xml:9:2-94
	android:name
		ADDED from src\main\AndroidManifest.xml:9:19-75
uses-permission#android.permission.INTERNET
ADDED from src\main\AndroidManifest.xml:10:2-80
	android:name
		ADDED from src\main\AndroidManifest.xml:10:19-61
uses-permission#android.permission.WAKE_LOCK
ADDED from src\main\AndroidManifest.xml:11:5-84
	android:name
		ADDED from src\main\AndroidManifest.xml:11:22-65
application
ADDED from src\main\AndroidManifest.xml:12:5-32:19
	android:label
		ADDED from src\main\AndroidManifest.xml:14:6-38
	android:allowBackup
		ADDED from src\main\AndroidManifest.xml:15:6-32
	android:icon
		ADDED from src\main\AndroidManifest.xml:13:6-35
activity#rwassens.nl.gpstrack.GpsTrack
ADDED from src\main\AndroidManifest.xml:16:9-23:20
	android:screenOrientation
		ADDED from src\main\AndroidManifest.xml:18:19-55
	android:label
		ADDED from src\main\AndroidManifest.xml:17:19-51
	android:name
		ADDED from src\main\AndroidManifest.xml:16:19-43
intent-filter#android.intent.action.MAIN+android.intent.category.LAUNCHER
ADDED from src\main\AndroidManifest.xml:19:13-22:29
action#android.intent.action.MAIN
ADDED from src\main\AndroidManifest.xml:20:17-69
	android:name
		ADDED from src\main\AndroidManifest.xml:20:25-66
category#android.intent.category.LAUNCHER
ADDED from src\main\AndroidManifest.xml:21:17-77
	android:name
		ADDED from src\main\AndroidManifest.xml:21:27-74
service#rwassens.nl.gpstrack.GpsTrackService
ADDED from src\main\AndroidManifest.xml:24:9-52
	android:name
		ADDED from src\main\AndroidManifest.xml:24:18-49
activity#rwassens.nl.gpstrack.Preferences
ADDED from src\main\AndroidManifest.xml:26:9-29:21
	android:screenOrientation
		ADDED from src\main\AndroidManifest.xml:28:19-55
	android:label
		ADDED from src\main\AndroidManifest.xml:27:19-51
	android:name
		ADDED from src\main\AndroidManifest.xml:26:19-46